============================= test session starts ==============================
platform linux -- Python 3.12.3, pytest-9.0.1, pluggy-1.6.0
rootdir: /home/duque_om/projects/Projects Tripe Ten/BankChurn-Predictor
configfile: pyproject.toml
testpaths: tests
plugins: anyio-4.11.0, Faker-38.0.0, cov-7.0.0
collected 113 items

tests/test_cli_basic.py ...                                              [  2%]
tests/test_cli_complete.py ......                                        [  7%]
tests/test_comprehensive_boost.py .....F

=================================== FAILURES ===================================
_________________ test_trainer_preprocessor_feature_detection __________________
.venv/lib/python3.12/site-packages/pandas/core/indexes/base.py:3812: in get_loc
    return self._engine.get_loc(casted_key)
           ^^^^^^^^^^^^^^^^^^^^^^^^^^^^^^^^
pandas/_libs/index.pyx:167: in pandas._libs.index.IndexEngine.get_loc
    ???
pandas/_libs/index.pyx:196: in pandas._libs.index.IndexEngine.get_loc
    ???
pandas/_libs/hashtable_class_helper.pxi:7088: in pandas._libs.hashtable.PyObjectHashTable.get_item
    ???
pandas/_libs/hashtable_class_helper.pxi:7096: in pandas._libs.hashtable.PyObjectHashTable.get_item
    ???
E   KeyError: 'Geography'

The above exception was the direct cause of the following exception:
.venv/lib/python3.12/site-packages/sklearn/utils/_indexing.py:443: in _get_column_indices
    col_idx = all_columns.get_loc(col)
              ^^^^^^^^^^^^^^^^^^^^^^^^
.venv/lib/python3.12/site-packages/pandas/core/indexes/base.py:3819: in get_loc
    raise KeyError(key) from err
E   KeyError: 'Geography'

The above exception was the direct cause of the following exception:
tests/test_comprehensive_boost.py:170: in test_trainer_preprocessor_feature_detection
    X_transformed = preprocessor.fit_transform(X)
                    ^^^^^^^^^^^^^^^^^^^^^^^^^^^^^
.venv/lib/python3.12/site-packages/sklearn/utils/_set_output.py:316: in wrapped
    data_to_wrap = f(self, X, *args, **kwargs)
                   ^^^^^^^^^^^^^^^^^^^^^^^^^^^
.venv/lib/python3.12/site-packages/sklearn/base.py:1365: in wrapper
    return fit_method(estimator, *args, **kwargs)
           ^^^^^^^^^^^^^^^^^^^^^^^^^^^^^^^^^^^^^^
.venv/lib/python3.12/site-packages/sklearn/compose/_column_transformer.py:988: in fit_transform
    self._validate_column_callables(X)
.venv/lib/python3.12/site-packages/sklearn/compose/_column_transformer.py:541: in _validate_column_callables
    transformer_to_input_indices[name] = _get_column_indices(X, columns)
                                         ^^^^^^^^^^^^^^^^^^^^^^^^^^^^^^^
.venv/lib/python3.12/site-packages/sklearn/utils/_indexing.py:451: in _get_column_indices
    raise ValueError("A given column is not a column of the dataframe") from e
E   ValueError: A given column is not a column of the dataframe
=========================== short test summary info ============================
FAILED tests/test_comprehensive_boost.py::test_trainer_preprocessor_feature_detection
!!!!!!!!!!!!!!!!!!!!!!!!!! stopping after 1 failures !!!!!!!!!!!!!!!!!!!!!!!!!!!
======================== 1 failed, 14 passed in 12.30s =========================
